The system is: Linux - 3.10.0-514.16.1.el7.x86_64 - x86_64
Compiling the C compiler identification source file "CMakeCCompilerId.c" succeeded.
Compiler: /afs/cern.ch/sw/lcg/contrib/gcc/6.3.0/x86_64-centos7/bin/gcc 
Build flags: 
Id flags:  

The output was:
0


Compilation of the C compiler identification source "CMakeCCompilerId.c" produced "a.out"

The C compiler identification is GNU, found in "/home/skostog/cernbox/NAFF_May_2017/NAFF/build/CMakeFiles/3.8.1/CompilerIdC/a.out"

Compiling the CXX compiler identification source file "CMakeCXXCompilerId.cpp" succeeded.
Compiler: /afs/cern.ch/sw/lcg/contrib/gcc/6.3.0/x86_64-centos7/bin/g++ 
Build flags: 
Id flags:  

The output was:
0


Compilation of the CXX compiler identification source "CMakeCXXCompilerId.cpp" produced "a.out"

The CXX compiler identification is GNU, found in "/home/skostog/cernbox/NAFF_May_2017/NAFF/build/CMakeFiles/3.8.1/CompilerIdCXX/a.out"

Determining if the C compiler works passed with the following output:
Change Dir: /home/skostog/cernbox/NAFF_May_2017/NAFF/build/CMakeFiles/CMakeTmp

Run Build Command:"/usr/bin/gmake" "cmTC_1cc4b/fast"
/usr/bin/gmake -f CMakeFiles/cmTC_1cc4b.dir/build.make CMakeFiles/cmTC_1cc4b.dir/build
gmake[1]: Entering directory `/home/skostog/cernbox/NAFF_May_2017/NAFF/build/CMakeFiles/CMakeTmp'
Building C object CMakeFiles/cmTC_1cc4b.dir/testCCompiler.c.o
/afs/cern.ch/sw/lcg/contrib/gcc/6.3.0/x86_64-centos7/bin/gcc    -o CMakeFiles/cmTC_1cc4b.dir/testCCompiler.c.o   -c /home/skostog/cernbox/NAFF_May_2017/NAFF/build/CMakeFiles/CMakeTmp/testCCompiler.c
Linking C executable cmTC_1cc4b
/usr/local/bin/cmake -E cmake_link_script CMakeFiles/cmTC_1cc4b.dir/link.txt --verbose=1
/afs/cern.ch/sw/lcg/contrib/gcc/6.3.0/x86_64-centos7/bin/gcc      CMakeFiles/cmTC_1cc4b.dir/testCCompiler.c.o  -o cmTC_1cc4b 
gmake[1]: Leaving directory `/home/skostog/cernbox/NAFF_May_2017/NAFF/build/CMakeFiles/CMakeTmp'


Detecting C compiler ABI info compiled with the following output:
Change Dir: /home/skostog/cernbox/NAFF_May_2017/NAFF/build/CMakeFiles/CMakeTmp

Run Build Command:"/usr/bin/gmake" "cmTC_687ef/fast"
/usr/bin/gmake -f CMakeFiles/cmTC_687ef.dir/build.make CMakeFiles/cmTC_687ef.dir/build
gmake[1]: Entering directory `/home/skostog/cernbox/NAFF_May_2017/NAFF/build/CMakeFiles/CMakeTmp'
Building C object CMakeFiles/cmTC_687ef.dir/CMakeCCompilerABI.c.o
/afs/cern.ch/sw/lcg/contrib/gcc/6.3.0/x86_64-centos7/bin/gcc    -o CMakeFiles/cmTC_687ef.dir/CMakeCCompilerABI.c.o   -c /usr/local/share/cmake-3.8/Modules/CMakeCCompilerABI.c
Linking C executable cmTC_687ef
/usr/local/bin/cmake -E cmake_link_script CMakeFiles/cmTC_687ef.dir/link.txt --verbose=1
/afs/cern.ch/sw/lcg/contrib/gcc/6.3.0/x86_64-centos7/bin/gcc     -v CMakeFiles/cmTC_687ef.dir/CMakeCCompilerABI.c.o  -o cmTC_687ef 
Using built-in specs.
COLLECT_GCC=/afs/cern.ch/sw/lcg/contrib/gcc/6.3.0/x86_64-centos7/bin/gcc
COLLECT_LTO_WRAPPER=/afs/cern.ch/sw/lcg/contrib/gcc/6.3.0/x86_64-centos7/bin/../libexec/gcc/x86_64-pc-linux-gnu/6.3.0/lto-wrapper
Target: x86_64-pc-linux-gnu
Configured with: ../gcc-6.3.0/configure --prefix=/build/pmendez-sftnight/install-gcc630/ --disable-multilib --with-system-zlib --enable-languages=all
Thread model: posix
gcc version 6.3.0 (GCC) 
COMPILER_PATH=/afs/cern.ch/sw/lcg/contrib/gcc/6.3.0/x86_64-centos7/bin/../libexec/gcc/x86_64-pc-linux-gnu/6.3.0/:/afs/cern.ch/sw/lcg/contrib/gcc/6.3.0/x86_64-centos7/bin/../libexec/gcc/
LIBRARY_PATH=/afs/cern.ch/sw/lcg/contrib/gcc/6.3.0/x86_64-centos7/bin/../lib/gcc/x86_64-pc-linux-gnu/6.3.0/:/afs/cern.ch/sw/lcg/contrib/gcc/6.3.0/x86_64-centos7/bin/../lib/gcc/:/afs/cern.ch/sw/lcg/contrib/gcc/6.3.0/x86_64-centos7/bin/../lib/gcc/x86_64-pc-linux-gnu/6.3.0/../../../../lib64/:/lib/../lib64/:/usr/lib/../lib64/:/afs/cern.ch/sw/lcg/contrib/gcc/6.3.0/x86_64-centos7/bin/../lib/gcc/x86_64-pc-linux-gnu/6.3.0/../../../:/lib/:/usr/lib/
COLLECT_GCC_OPTIONS='-v' '-o' 'cmTC_687ef' '-mtune=generic' '-march=x86-64'
 /afs/cern.ch/sw/lcg/contrib/gcc/6.3.0/x86_64-centos7/bin/../libexec/gcc/x86_64-pc-linux-gnu/6.3.0/collect2 -plugin /afs/cern.ch/sw/lcg/contrib/gcc/6.3.0/x86_64-centos7/bin/../libexec/gcc/x86_64-pc-linux-gnu/6.3.0/liblto_plugin.so -plugin-opt=/afs/cern.ch/sw/lcg/contrib/gcc/6.3.0/x86_64-centos7/bin/../libexec/gcc/x86_64-pc-linux-gnu/6.3.0/lto-wrapper -plugin-opt=-fresolution=/tmp/skostog/ccTELiOL.res -plugin-opt=-pass-through=-lgcc -plugin-opt=-pass-through=-lgcc_s -plugin-opt=-pass-through=-lc -plugin-opt=-pass-through=-lgcc -plugin-opt=-pass-through=-lgcc_s --eh-frame-hdr -m elf_x86_64 -dynamic-linker /lib64/ld-linux-x86-64.so.2 -o cmTC_687ef /lib/../lib64/crt1.o /lib/../lib64/crti.o /afs/cern.ch/sw/lcg/contrib/gcc/6.3.0/x86_64-centos7/bin/../lib/gcc/x86_64-pc-linux-gnu/6.3.0/crtbegin.o -L/afs/cern.ch/sw/lcg/contrib/gcc/6.3.0/x86_64-centos7/bin/../lib/gcc/x86_64-pc-linux-gnu/6.3.0 -L/afs/cern.ch/sw/lcg/contrib/gcc/6.3.0/x86_64-centos7/bin/../lib/gcc -L/afs/cern.ch/sw/lcg/contrib/gcc/6.3.0/x86_64-centos7/bin/../lib/gcc/x86_64-pc-linux-gnu/6.3.0/../../../../lib64 -L/lib/../lib64 -L/usr/lib/../lib64 -L/afs/cern.ch/sw/lcg/contrib/gcc/6.3.0/x86_64-centos7/bin/../lib/gcc/x86_64-pc-linux-gnu/6.3.0/../../.. CMakeFiles/cmTC_687ef.dir/CMakeCCompilerABI.c.o -lgcc --as-needed -lgcc_s --no-as-needed -lc -lgcc --as-needed -lgcc_s --no-as-needed /afs/cern.ch/sw/lcg/contrib/gcc/6.3.0/x86_64-centos7/bin/../lib/gcc/x86_64-pc-linux-gnu/6.3.0/crtend.o /lib/../lib64/crtn.o
COLLECT_GCC_OPTIONS='-v' '-o' 'cmTC_687ef' '-mtune=generic' '-march=x86-64'
gmake[1]: Leaving directory `/home/skostog/cernbox/NAFF_May_2017/NAFF/build/CMakeFiles/CMakeTmp'


Parsed C implicit link information from above output:
  link line regex: [^( *|.*[/\])(ld|([^/\]+-)?ld|collect2)[^/\]*( |$)]
  ignore line: [Change Dir: /home/skostog/cernbox/NAFF_May_2017/NAFF/build/CMakeFiles/CMakeTmp]
  ignore line: []
  ignore line: [Run Build Command:"/usr/bin/gmake" "cmTC_687ef/fast"]
  ignore line: [/usr/bin/gmake -f CMakeFiles/cmTC_687ef.dir/build.make CMakeFiles/cmTC_687ef.dir/build]
  ignore line: [gmake[1]: Entering directory `/home/skostog/cernbox/NAFF_May_2017/NAFF/build/CMakeFiles/CMakeTmp']
  ignore line: [Building C object CMakeFiles/cmTC_687ef.dir/CMakeCCompilerABI.c.o]
  ignore line: [/afs/cern.ch/sw/lcg/contrib/gcc/6.3.0/x86_64-centos7/bin/gcc    -o CMakeFiles/cmTC_687ef.dir/CMakeCCompilerABI.c.o   -c /usr/local/share/cmake-3.8/Modules/CMakeCCompilerABI.c]
  ignore line: [Linking C executable cmTC_687ef]
  ignore line: [/usr/local/bin/cmake -E cmake_link_script CMakeFiles/cmTC_687ef.dir/link.txt --verbose=1]
  ignore line: [/afs/cern.ch/sw/lcg/contrib/gcc/6.3.0/x86_64-centos7/bin/gcc     -v CMakeFiles/cmTC_687ef.dir/CMakeCCompilerABI.c.o  -o cmTC_687ef ]
  ignore line: [Using built-in specs.]
  ignore line: [COLLECT_GCC=/afs/cern.ch/sw/lcg/contrib/gcc/6.3.0/x86_64-centos7/bin/gcc]
  ignore line: [COLLECT_LTO_WRAPPER=/afs/cern.ch/sw/lcg/contrib/gcc/6.3.0/x86_64-centos7/bin/../libexec/gcc/x86_64-pc-linux-gnu/6.3.0/lto-wrapper]
  ignore line: [Target: x86_64-pc-linux-gnu]
  ignore line: [Configured with: ../gcc-6.3.0/configure --prefix=/build/pmendez-sftnight/install-gcc630/ --disable-multilib --with-system-zlib --enable-languages=all]
  ignore line: [Thread model: posix]
  ignore line: [gcc version 6.3.0 (GCC) ]
  ignore line: [COMPILER_PATH=/afs/cern.ch/sw/lcg/contrib/gcc/6.3.0/x86_64-centos7/bin/../libexec/gcc/x86_64-pc-linux-gnu/6.3.0/:/afs/cern.ch/sw/lcg/contrib/gcc/6.3.0/x86_64-centos7/bin/../libexec/gcc/]
  ignore line: [LIBRARY_PATH=/afs/cern.ch/sw/lcg/contrib/gcc/6.3.0/x86_64-centos7/bin/../lib/gcc/x86_64-pc-linux-gnu/6.3.0/:/afs/cern.ch/sw/lcg/contrib/gcc/6.3.0/x86_64-centos7/bin/../lib/gcc/:/afs/cern.ch/sw/lcg/contrib/gcc/6.3.0/x86_64-centos7/bin/../lib/gcc/x86_64-pc-linux-gnu/6.3.0/../../../../lib64/:/lib/../lib64/:/usr/lib/../lib64/:/afs/cern.ch/sw/lcg/contrib/gcc/6.3.0/x86_64-centos7/bin/../lib/gcc/x86_64-pc-linux-gnu/6.3.0/../../../:/lib/:/usr/lib/]
  ignore line: [COLLECT_GCC_OPTIONS='-v' '-o' 'cmTC_687ef' '-mtune=generic' '-march=x86-64']
  link line: [ /afs/cern.ch/sw/lcg/contrib/gcc/6.3.0/x86_64-centos7/bin/../libexec/gcc/x86_64-pc-linux-gnu/6.3.0/collect2 -plugin /afs/cern.ch/sw/lcg/contrib/gcc/6.3.0/x86_64-centos7/bin/../libexec/gcc/x86_64-pc-linux-gnu/6.3.0/liblto_plugin.so -plugin-opt=/afs/cern.ch/sw/lcg/contrib/gcc/6.3.0/x86_64-centos7/bin/../libexec/gcc/x86_64-pc-linux-gnu/6.3.0/lto-wrapper -plugin-opt=-fresolution=/tmp/skostog/ccTELiOL.res -plugin-opt=-pass-through=-lgcc -plugin-opt=-pass-through=-lgcc_s -plugin-opt=-pass-through=-lc -plugin-opt=-pass-through=-lgcc -plugin-opt=-pass-through=-lgcc_s --eh-frame-hdr -m elf_x86_64 -dynamic-linker /lib64/ld-linux-x86-64.so.2 -o cmTC_687ef /lib/../lib64/crt1.o /lib/../lib64/crti.o /afs/cern.ch/sw/lcg/contrib/gcc/6.3.0/x86_64-centos7/bin/../lib/gcc/x86_64-pc-linux-gnu/6.3.0/crtbegin.o -L/afs/cern.ch/sw/lcg/contrib/gcc/6.3.0/x86_64-centos7/bin/../lib/gcc/x86_64-pc-linux-gnu/6.3.0 -L/afs/cern.ch/sw/lcg/contrib/gcc/6.3.0/x86_64-centos7/bin/../lib/gcc -L/afs/cern.ch/sw/lcg/contrib/gcc/6.3.0/x86_64-centos7/bin/../lib/gcc/x86_64-pc-linux-gnu/6.3.0/../../../../lib64 -L/lib/../lib64 -L/usr/lib/../lib64 -L/afs/cern.ch/sw/lcg/contrib/gcc/6.3.0/x86_64-centos7/bin/../lib/gcc/x86_64-pc-linux-gnu/6.3.0/../../.. CMakeFiles/cmTC_687ef.dir/CMakeCCompilerABI.c.o -lgcc --as-needed -lgcc_s --no-as-needed -lc -lgcc --as-needed -lgcc_s --no-as-needed /afs/cern.ch/sw/lcg/contrib/gcc/6.3.0/x86_64-centos7/bin/../lib/gcc/x86_64-pc-linux-gnu/6.3.0/crtend.o /lib/../lib64/crtn.o]
    arg [/afs/cern.ch/sw/lcg/contrib/gcc/6.3.0/x86_64-centos7/bin/../libexec/gcc/x86_64-pc-linux-gnu/6.3.0/collect2] ==> ignore
    arg [-plugin] ==> ignore
    arg [/afs/cern.ch/sw/lcg/contrib/gcc/6.3.0/x86_64-centos7/bin/../libexec/gcc/x86_64-pc-linux-gnu/6.3.0/liblto_plugin.so] ==> ignore
    arg [-plugin-opt=/afs/cern.ch/sw/lcg/contrib/gcc/6.3.0/x86_64-centos7/bin/../libexec/gcc/x86_64-pc-linux-gnu/6.3.0/lto-wrapper] ==> ignore
    arg [-plugin-opt=-fresolution=/tmp/skostog/ccTELiOL.res] ==> ignore
    arg [-plugin-opt=-pass-through=-lgcc] ==> ignore
    arg [-plugin-opt=-pass-through=-lgcc_s] ==> ignore
    arg [-plugin-opt=-pass-through=-lc] ==> ignore
    arg [-plugin-opt=-pass-through=-lgcc] ==> ignore
    arg [-plugin-opt=-pass-through=-lgcc_s] ==> ignore
    arg [--eh-frame-hdr] ==> ignore
    arg [-m] ==> ignore
    arg [elf_x86_64] ==> ignore
    arg [-dynamic-linker] ==> ignore
    arg [/lib64/ld-linux-x86-64.so.2] ==> ignore
    arg [-o] ==> ignore
    arg [cmTC_687ef] ==> ignore
    arg [/lib/../lib64/crt1.o] ==> ignore
    arg [/lib/../lib64/crti.o] ==> ignore
    arg [/afs/cern.ch/sw/lcg/contrib/gcc/6.3.0/x86_64-centos7/bin/../lib/gcc/x86_64-pc-linux-gnu/6.3.0/crtbegin.o] ==> ignore
    arg [-L/afs/cern.ch/sw/lcg/contrib/gcc/6.3.0/x86_64-centos7/bin/../lib/gcc/x86_64-pc-linux-gnu/6.3.0] ==> dir [/afs/cern.ch/sw/lcg/contrib/gcc/6.3.0/x86_64-centos7/bin/../lib/gcc/x86_64-pc-linux-gnu/6.3.0]
    arg [-L/afs/cern.ch/sw/lcg/contrib/gcc/6.3.0/x86_64-centos7/bin/../lib/gcc] ==> dir [/afs/cern.ch/sw/lcg/contrib/gcc/6.3.0/x86_64-centos7/bin/../lib/gcc]
    arg [-L/afs/cern.ch/sw/lcg/contrib/gcc/6.3.0/x86_64-centos7/bin/../lib/gcc/x86_64-pc-linux-gnu/6.3.0/../../../../lib64] ==> dir [/afs/cern.ch/sw/lcg/contrib/gcc/6.3.0/x86_64-centos7/bin/../lib/gcc/x86_64-pc-linux-gnu/6.3.0/../../../../lib64]
    arg [-L/lib/../lib64] ==> dir [/lib/../lib64]
    arg [-L/usr/lib/../lib64] ==> dir [/usr/lib/../lib64]
    arg [-L/afs/cern.ch/sw/lcg/contrib/gcc/6.3.0/x86_64-centos7/bin/../lib/gcc/x86_64-pc-linux-gnu/6.3.0/../../..] ==> dir [/afs/cern.ch/sw/lcg/contrib/gcc/6.3.0/x86_64-centos7/bin/../lib/gcc/x86_64-pc-linux-gnu/6.3.0/../../..]
    arg [CMakeFiles/cmTC_687ef.dir/CMakeCCompilerABI.c.o] ==> ignore
    arg [-lgcc] ==> lib [gcc]
    arg [--as-needed] ==> ignore
    arg [-lgcc_s] ==> lib [gcc_s]
    arg [--no-as-needed] ==> ignore
    arg [-lc] ==> lib [c]
    arg [-lgcc] ==> lib [gcc]
    arg [--as-needed] ==> ignore
    arg [-lgcc_s] ==> lib [gcc_s]
    arg [--no-as-needed] ==> ignore
    arg [/afs/cern.ch/sw/lcg/contrib/gcc/6.3.0/x86_64-centos7/bin/../lib/gcc/x86_64-pc-linux-gnu/6.3.0/crtend.o] ==> ignore
    arg [/lib/../lib64/crtn.o] ==> ignore
  remove lib [gcc]
  remove lib [gcc_s]
  remove lib [gcc]
  remove lib [gcc_s]
  collapse library dir [/afs/cern.ch/sw/lcg/contrib/gcc/6.3.0/x86_64-centos7/bin/../lib/gcc/x86_64-pc-linux-gnu/6.3.0] ==> [/afs/cern.ch/sw/lcg/contrib/gcc/6.3.0/x86_64-centos7/lib/gcc/x86_64-pc-linux-gnu/6.3.0]
  collapse library dir [/afs/cern.ch/sw/lcg/contrib/gcc/6.3.0/x86_64-centos7/bin/../lib/gcc] ==> [/afs/cern.ch/sw/lcg/contrib/gcc/6.3.0/x86_64-centos7/lib/gcc]
  collapse library dir [/afs/cern.ch/sw/lcg/contrib/gcc/6.3.0/x86_64-centos7/bin/../lib/gcc/x86_64-pc-linux-gnu/6.3.0/../../../../lib64] ==> [/afs/cern.ch/sw/lcg/contrib/gcc/6.3.0/x86_64-centos7/lib64]
  collapse library dir [/lib/../lib64] ==> [/lib64]
  collapse library dir [/usr/lib/../lib64] ==> [/usr/lib64]
  collapse library dir [/afs/cern.ch/sw/lcg/contrib/gcc/6.3.0/x86_64-centos7/bin/../lib/gcc/x86_64-pc-linux-gnu/6.3.0/../../..] ==> [/afs/cern.ch/sw/lcg/contrib/gcc/6.3.0/x86_64-centos7/lib]
  implicit libs: [c]
  implicit dirs: [/afs/cern.ch/sw/lcg/contrib/gcc/6.3.0/x86_64-centos7/lib/gcc/x86_64-pc-linux-gnu/6.3.0;/afs/cern.ch/sw/lcg/contrib/gcc/6.3.0/x86_64-centos7/lib/gcc;/afs/cern.ch/sw/lcg/contrib/gcc/6.3.0/x86_64-centos7/lib64;/lib64;/usr/lib64;/afs/cern.ch/sw/lcg/contrib/gcc/6.3.0/x86_64-centos7/lib]
  implicit fwks: []




Detecting C [-std=c11] compiler features compiled with the following output:
Change Dir: /home/skostog/cernbox/NAFF_May_2017/NAFF/build/CMakeFiles/CMakeTmp

Run Build Command:"/usr/bin/gmake" "cmTC_d69f3/fast"
/usr/bin/gmake -f CMakeFiles/cmTC_d69f3.dir/build.make CMakeFiles/cmTC_d69f3.dir/build
gmake[1]: Entering directory `/home/skostog/cernbox/NAFF_May_2017/NAFF/build/CMakeFiles/CMakeTmp'
Building C object CMakeFiles/cmTC_d69f3.dir/feature_tests.c.o
/afs/cern.ch/sw/lcg/contrib/gcc/6.3.0/x86_64-centos7/bin/gcc   -std=c11 -o CMakeFiles/cmTC_d69f3.dir/feature_tests.c.o   -c /home/skostog/cernbox/NAFF_May_2017/NAFF/build/CMakeFiles/feature_tests.c
Linking C executable cmTC_d69f3
/usr/local/bin/cmake -E cmake_link_script CMakeFiles/cmTC_d69f3.dir/link.txt --verbose=1
/afs/cern.ch/sw/lcg/contrib/gcc/6.3.0/x86_64-centos7/bin/gcc      CMakeFiles/cmTC_d69f3.dir/feature_tests.c.o  -o cmTC_d69f3 
gmake[1]: Leaving directory `/home/skostog/cernbox/NAFF_May_2017/NAFF/build/CMakeFiles/CMakeTmp'


    Feature record: C_FEATURE:1c_function_prototypes
    Feature record: C_FEATURE:1c_restrict
    Feature record: C_FEATURE:1c_static_assert
    Feature record: C_FEATURE:1c_variadic_macros


Detecting C [-std=c99] compiler features compiled with the following output:
Change Dir: /home/skostog/cernbox/NAFF_May_2017/NAFF/build/CMakeFiles/CMakeTmp

Run Build Command:"/usr/bin/gmake" "cmTC_131a4/fast"
/usr/bin/gmake -f CMakeFiles/cmTC_131a4.dir/build.make CMakeFiles/cmTC_131a4.dir/build
gmake[1]: Entering directory `/home/skostog/cernbox/NAFF_May_2017/NAFF/build/CMakeFiles/CMakeTmp'
Building C object CMakeFiles/cmTC_131a4.dir/feature_tests.c.o
/afs/cern.ch/sw/lcg/contrib/gcc/6.3.0/x86_64-centos7/bin/gcc   -std=c99 -o CMakeFiles/cmTC_131a4.dir/feature_tests.c.o   -c /home/skostog/cernbox/NAFF_May_2017/NAFF/build/CMakeFiles/feature_tests.c
Linking C executable cmTC_131a4
/usr/local/bin/cmake -E cmake_link_script CMakeFiles/cmTC_131a4.dir/link.txt --verbose=1
/afs/cern.ch/sw/lcg/contrib/gcc/6.3.0/x86_64-centos7/bin/gcc      CMakeFiles/cmTC_131a4.dir/feature_tests.c.o  -o cmTC_131a4 
gmake[1]: Leaving directory `/home/skostog/cernbox/NAFF_May_2017/NAFF/build/CMakeFiles/CMakeTmp'


    Feature record: C_FEATURE:1c_function_prototypes
    Feature record: C_FEATURE:1c_restrict
    Feature record: C_FEATURE:0c_static_assert
    Feature record: C_FEATURE:1c_variadic_macros


Detecting C [-std=c90] compiler features compiled with the following output:
Change Dir: /home/skostog/cernbox/NAFF_May_2017/NAFF/build/CMakeFiles/CMakeTmp

Run Build Command:"/usr/bin/gmake" "cmTC_8b859/fast"
/usr/bin/gmake -f CMakeFiles/cmTC_8b859.dir/build.make CMakeFiles/cmTC_8b859.dir/build
gmake[1]: Entering directory `/home/skostog/cernbox/NAFF_May_2017/NAFF/build/CMakeFiles/CMakeTmp'
Building C object CMakeFiles/cmTC_8b859.dir/feature_tests.c.o
/afs/cern.ch/sw/lcg/contrib/gcc/6.3.0/x86_64-centos7/bin/gcc   -std=c90 -o CMakeFiles/cmTC_8b859.dir/feature_tests.c.o   -c /home/skostog/cernbox/NAFF_May_2017/NAFF/build/CMakeFiles/feature_tests.c
Linking C executable cmTC_8b859
/usr/local/bin/cmake -E cmake_link_script CMakeFiles/cmTC_8b859.dir/link.txt --verbose=1
/afs/cern.ch/sw/lcg/contrib/gcc/6.3.0/x86_64-centos7/bin/gcc      CMakeFiles/cmTC_8b859.dir/feature_tests.c.o  -o cmTC_8b859 
gmake[1]: Leaving directory `/home/skostog/cernbox/NAFF_May_2017/NAFF/build/CMakeFiles/CMakeTmp'


    Feature record: C_FEATURE:1c_function_prototypes
    Feature record: C_FEATURE:0c_restrict
    Feature record: C_FEATURE:0c_static_assert
    Feature record: C_FEATURE:0c_variadic_macros
Determining if the CXX compiler works passed with the following output:
Change Dir: /home/skostog/cernbox/NAFF_May_2017/NAFF/build/CMakeFiles/CMakeTmp

Run Build Command:"/usr/bin/gmake" "cmTC_5cfc5/fast"
/usr/bin/gmake -f CMakeFiles/cmTC_5cfc5.dir/build.make CMakeFiles/cmTC_5cfc5.dir/build
gmake[1]: Entering directory `/home/skostog/cernbox/NAFF_May_2017/NAFF/build/CMakeFiles/CMakeTmp'
Building CXX object CMakeFiles/cmTC_5cfc5.dir/testCXXCompiler.cxx.o
/afs/cern.ch/sw/lcg/contrib/gcc/6.3.0/x86_64-centos7/bin/g++     -o CMakeFiles/cmTC_5cfc5.dir/testCXXCompiler.cxx.o -c /home/skostog/cernbox/NAFF_May_2017/NAFF/build/CMakeFiles/CMakeTmp/testCXXCompiler.cxx
Linking CXX executable cmTC_5cfc5
/usr/local/bin/cmake -E cmake_link_script CMakeFiles/cmTC_5cfc5.dir/link.txt --verbose=1
/afs/cern.ch/sw/lcg/contrib/gcc/6.3.0/x86_64-centos7/bin/g++       CMakeFiles/cmTC_5cfc5.dir/testCXXCompiler.cxx.o  -o cmTC_5cfc5 
gmake[1]: Leaving directory `/home/skostog/cernbox/NAFF_May_2017/NAFF/build/CMakeFiles/CMakeTmp'


Detecting CXX compiler ABI info compiled with the following output:
Change Dir: /home/skostog/cernbox/NAFF_May_2017/NAFF/build/CMakeFiles/CMakeTmp

Run Build Command:"/usr/bin/gmake" "cmTC_e335d/fast"
/usr/bin/gmake -f CMakeFiles/cmTC_e335d.dir/build.make CMakeFiles/cmTC_e335d.dir/build
gmake[1]: Entering directory `/home/skostog/cernbox/NAFF_May_2017/NAFF/build/CMakeFiles/CMakeTmp'
Building CXX object CMakeFiles/cmTC_e335d.dir/CMakeCXXCompilerABI.cpp.o
/afs/cern.ch/sw/lcg/contrib/gcc/6.3.0/x86_64-centos7/bin/g++     -o CMakeFiles/cmTC_e335d.dir/CMakeCXXCompilerABI.cpp.o -c /usr/local/share/cmake-3.8/Modules/CMakeCXXCompilerABI.cpp
Linking CXX executable cmTC_e335d
/usr/local/bin/cmake -E cmake_link_script CMakeFiles/cmTC_e335d.dir/link.txt --verbose=1
/afs/cern.ch/sw/lcg/contrib/gcc/6.3.0/x86_64-centos7/bin/g++      -v CMakeFiles/cmTC_e335d.dir/CMakeCXXCompilerABI.cpp.o  -o cmTC_e335d 
Using built-in specs.
COLLECT_GCC=/afs/cern.ch/sw/lcg/contrib/gcc/6.3.0/x86_64-centos7/bin/g++
COLLECT_LTO_WRAPPER=/afs/cern.ch/sw/lcg/contrib/gcc/6.3.0/x86_64-centos7/bin/../libexec/gcc/x86_64-pc-linux-gnu/6.3.0/lto-wrapper
Target: x86_64-pc-linux-gnu
Configured with: ../gcc-6.3.0/configure --prefix=/build/pmendez-sftnight/install-gcc630/ --disable-multilib --with-system-zlib --enable-languages=all
Thread model: posix
gcc version 6.3.0 (GCC) 
COMPILER_PATH=/afs/cern.ch/sw/lcg/contrib/gcc/6.3.0/x86_64-centos7/bin/../libexec/gcc/x86_64-pc-linux-gnu/6.3.0/:/afs/cern.ch/sw/lcg/contrib/gcc/6.3.0/x86_64-centos7/bin/../libexec/gcc/
LIBRARY_PATH=/afs/cern.ch/sw/lcg/contrib/gcc/6.3.0/x86_64-centos7/bin/../lib/gcc/x86_64-pc-linux-gnu/6.3.0/:/afs/cern.ch/sw/lcg/contrib/gcc/6.3.0/x86_64-centos7/bin/../lib/gcc/:/afs/cern.ch/sw/lcg/contrib/gcc/6.3.0/x86_64-centos7/bin/../lib/gcc/x86_64-pc-linux-gnu/6.3.0/../../../../lib64/:/lib/../lib64/:/usr/lib/../lib64/:/afs/cern.ch/sw/lcg/contrib/gcc/6.3.0/x86_64-centos7/bin/../lib/gcc/x86_64-pc-linux-gnu/6.3.0/../../../:/lib/:/usr/lib/
COLLECT_GCC_OPTIONS='-v' '-o' 'cmTC_e335d' '-shared-libgcc' '-mtune=generic' '-march=x86-64'
 /afs/cern.ch/sw/lcg/contrib/gcc/6.3.0/x86_64-centos7/bin/../libexec/gcc/x86_64-pc-linux-gnu/6.3.0/collect2 -plugin /afs/cern.ch/sw/lcg/contrib/gcc/6.3.0/x86_64-centos7/bin/../libexec/gcc/x86_64-pc-linux-gnu/6.3.0/liblto_plugin.so -plugin-opt=/afs/cern.ch/sw/lcg/contrib/gcc/6.3.0/x86_64-centos7/bin/../libexec/gcc/x86_64-pc-linux-gnu/6.3.0/lto-wrapper -plugin-opt=-fresolution=/tmp/skostog/ccXgVVn0.res -plugin-opt=-pass-through=-lgcc_s -plugin-opt=-pass-through=-lgcc -plugin-opt=-pass-through=-lc -plugin-opt=-pass-through=-lgcc_s -plugin-opt=-pass-through=-lgcc --eh-frame-hdr -m elf_x86_64 -dynamic-linker /lib64/ld-linux-x86-64.so.2 -o cmTC_e335d /lib/../lib64/crt1.o /lib/../lib64/crti.o /afs/cern.ch/sw/lcg/contrib/gcc/6.3.0/x86_64-centos7/bin/../lib/gcc/x86_64-pc-linux-gnu/6.3.0/crtbegin.o -L/afs/cern.ch/sw/lcg/contrib/gcc/6.3.0/x86_64-centos7/bin/../lib/gcc/x86_64-pc-linux-gnu/6.3.0 -L/afs/cern.ch/sw/lcg/contrib/gcc/6.3.0/x86_64-centos7/bin/../lib/gcc -L/afs/cern.ch/sw/lcg/contrib/gcc/6.3.0/x86_64-centos7/bin/../lib/gcc/x86_64-pc-linux-gnu/6.3.0/../../../../lib64 -L/lib/../lib64 -L/usr/lib/../lib64 -L/afs/cern.ch/sw/lcg/contrib/gcc/6.3.0/x86_64-centos7/bin/../lib/gcc/x86_64-pc-linux-gnu/6.3.0/../../.. CMakeFiles/cmTC_e335d.dir/CMakeCXXCompilerABI.cpp.o -lstdc++ -lm -lgcc_s -lgcc -lc -lgcc_s -lgcc /afs/cern.ch/sw/lcg/contrib/gcc/6.3.0/x86_64-centos7/bin/../lib/gcc/x86_64-pc-linux-gnu/6.3.0/crtend.o /lib/../lib64/crtn.o
COLLECT_GCC_OPTIONS='-v' '-o' 'cmTC_e335d' '-shared-libgcc' '-mtune=generic' '-march=x86-64'
gmake[1]: Leaving directory `/home/skostog/cernbox/NAFF_May_2017/NAFF/build/CMakeFiles/CMakeTmp'


Parsed CXX implicit link information from above output:
  link line regex: [^( *|.*[/\])(ld|([^/\]+-)?ld|collect2)[^/\]*( |$)]
  ignore line: [Change Dir: /home/skostog/cernbox/NAFF_May_2017/NAFF/build/CMakeFiles/CMakeTmp]
  ignore line: []
  ignore line: [Run Build Command:"/usr/bin/gmake" "cmTC_e335d/fast"]
  ignore line: [/usr/bin/gmake -f CMakeFiles/cmTC_e335d.dir/build.make CMakeFiles/cmTC_e335d.dir/build]
  ignore line: [gmake[1]: Entering directory `/home/skostog/cernbox/NAFF_May_2017/NAFF/build/CMakeFiles/CMakeTmp']
  ignore line: [Building CXX object CMakeFiles/cmTC_e335d.dir/CMakeCXXCompilerABI.cpp.o]
  ignore line: [/afs/cern.ch/sw/lcg/contrib/gcc/6.3.0/x86_64-centos7/bin/g++     -o CMakeFiles/cmTC_e335d.dir/CMakeCXXCompilerABI.cpp.o -c /usr/local/share/cmake-3.8/Modules/CMakeCXXCompilerABI.cpp]
  ignore line: [Linking CXX executable cmTC_e335d]
  ignore line: [/usr/local/bin/cmake -E cmake_link_script CMakeFiles/cmTC_e335d.dir/link.txt --verbose=1]
  ignore line: [/afs/cern.ch/sw/lcg/contrib/gcc/6.3.0/x86_64-centos7/bin/g++      -v CMakeFiles/cmTC_e335d.dir/CMakeCXXCompilerABI.cpp.o  -o cmTC_e335d ]
  ignore line: [Using built-in specs.]
  ignore line: [COLLECT_GCC=/afs/cern.ch/sw/lcg/contrib/gcc/6.3.0/x86_64-centos7/bin/g++]
  ignore line: [COLLECT_LTO_WRAPPER=/afs/cern.ch/sw/lcg/contrib/gcc/6.3.0/x86_64-centos7/bin/../libexec/gcc/x86_64-pc-linux-gnu/6.3.0/lto-wrapper]
  ignore line: [Target: x86_64-pc-linux-gnu]
  ignore line: [Configured with: ../gcc-6.3.0/configure --prefix=/build/pmendez-sftnight/install-gcc630/ --disable-multilib --with-system-zlib --enable-languages=all]
  ignore line: [Thread model: posix]
  ignore line: [gcc version 6.3.0 (GCC) ]
  ignore line: [COMPILER_PATH=/afs/cern.ch/sw/lcg/contrib/gcc/6.3.0/x86_64-centos7/bin/../libexec/gcc/x86_64-pc-linux-gnu/6.3.0/:/afs/cern.ch/sw/lcg/contrib/gcc/6.3.0/x86_64-centos7/bin/../libexec/gcc/]
  ignore line: [LIBRARY_PATH=/afs/cern.ch/sw/lcg/contrib/gcc/6.3.0/x86_64-centos7/bin/../lib/gcc/x86_64-pc-linux-gnu/6.3.0/:/afs/cern.ch/sw/lcg/contrib/gcc/6.3.0/x86_64-centos7/bin/../lib/gcc/:/afs/cern.ch/sw/lcg/contrib/gcc/6.3.0/x86_64-centos7/bin/../lib/gcc/x86_64-pc-linux-gnu/6.3.0/../../../../lib64/:/lib/../lib64/:/usr/lib/../lib64/:/afs/cern.ch/sw/lcg/contrib/gcc/6.3.0/x86_64-centos7/bin/../lib/gcc/x86_64-pc-linux-gnu/6.3.0/../../../:/lib/:/usr/lib/]
  ignore line: [COLLECT_GCC_OPTIONS='-v' '-o' 'cmTC_e335d' '-shared-libgcc' '-mtune=generic' '-march=x86-64']
  link line: [ /afs/cern.ch/sw/lcg/contrib/gcc/6.3.0/x86_64-centos7/bin/../libexec/gcc/x86_64-pc-linux-gnu/6.3.0/collect2 -plugin /afs/cern.ch/sw/lcg/contrib/gcc/6.3.0/x86_64-centos7/bin/../libexec/gcc/x86_64-pc-linux-gnu/6.3.0/liblto_plugin.so -plugin-opt=/afs/cern.ch/sw/lcg/contrib/gcc/6.3.0/x86_64-centos7/bin/../libexec/gcc/x86_64-pc-linux-gnu/6.3.0/lto-wrapper -plugin-opt=-fresolution=/tmp/skostog/ccXgVVn0.res -plugin-opt=-pass-through=-lgcc_s -plugin-opt=-pass-through=-lgcc -plugin-opt=-pass-through=-lc -plugin-opt=-pass-through=-lgcc_s -plugin-opt=-pass-through=-lgcc --eh-frame-hdr -m elf_x86_64 -dynamic-linker /lib64/ld-linux-x86-64.so.2 -o cmTC_e335d /lib/../lib64/crt1.o /lib/../lib64/crti.o /afs/cern.ch/sw/lcg/contrib/gcc/6.3.0/x86_64-centos7/bin/../lib/gcc/x86_64-pc-linux-gnu/6.3.0/crtbegin.o -L/afs/cern.ch/sw/lcg/contrib/gcc/6.3.0/x86_64-centos7/bin/../lib/gcc/x86_64-pc-linux-gnu/6.3.0 -L/afs/cern.ch/sw/lcg/contrib/gcc/6.3.0/x86_64-centos7/bin/../lib/gcc -L/afs/cern.ch/sw/lcg/contrib/gcc/6.3.0/x86_64-centos7/bin/../lib/gcc/x86_64-pc-linux-gnu/6.3.0/../../../../lib64 -L/lib/../lib64 -L/usr/lib/../lib64 -L/afs/cern.ch/sw/lcg/contrib/gcc/6.3.0/x86_64-centos7/bin/../lib/gcc/x86_64-pc-linux-gnu/6.3.0/../../.. CMakeFiles/cmTC_e335d.dir/CMakeCXXCompilerABI.cpp.o -lstdc++ -lm -lgcc_s -lgcc -lc -lgcc_s -lgcc /afs/cern.ch/sw/lcg/contrib/gcc/6.3.0/x86_64-centos7/bin/../lib/gcc/x86_64-pc-linux-gnu/6.3.0/crtend.o /lib/../lib64/crtn.o]
    arg [/afs/cern.ch/sw/lcg/contrib/gcc/6.3.0/x86_64-centos7/bin/../libexec/gcc/x86_64-pc-linux-gnu/6.3.0/collect2] ==> ignore
    arg [-plugin] ==> ignore
    arg [/afs/cern.ch/sw/lcg/contrib/gcc/6.3.0/x86_64-centos7/bin/../libexec/gcc/x86_64-pc-linux-gnu/6.3.0/liblto_plugin.so] ==> ignore
    arg [-plugin-opt=/afs/cern.ch/sw/lcg/contrib/gcc/6.3.0/x86_64-centos7/bin/../libexec/gcc/x86_64-pc-linux-gnu/6.3.0/lto-wrapper] ==> ignore
    arg [-plugin-opt=-fresolution=/tmp/skostog/ccXgVVn0.res] ==> ignore
    arg [-plugin-opt=-pass-through=-lgcc_s] ==> ignore
    arg [-plugin-opt=-pass-through=-lgcc] ==> ignore
    arg [-plugin-opt=-pass-through=-lc] ==> ignore
    arg [-plugin-opt=-pass-through=-lgcc_s] ==> ignore
    arg [-plugin-opt=-pass-through=-lgcc] ==> ignore
    arg [--eh-frame-hdr] ==> ignore
    arg [-m] ==> ignore
    arg [elf_x86_64] ==> ignore
    arg [-dynamic-linker] ==> ignore
    arg [/lib64/ld-linux-x86-64.so.2] ==> ignore
    arg [-o] ==> ignore
    arg [cmTC_e335d] ==> ignore
    arg [/lib/../lib64/crt1.o] ==> ignore
    arg [/lib/../lib64/crti.o] ==> ignore
    arg [/afs/cern.ch/sw/lcg/contrib/gcc/6.3.0/x86_64-centos7/bin/../lib/gcc/x86_64-pc-linux-gnu/6.3.0/crtbegin.o] ==> ignore
    arg [-L/afs/cern.ch/sw/lcg/contrib/gcc/6.3.0/x86_64-centos7/bin/../lib/gcc/x86_64-pc-linux-gnu/6.3.0] ==> dir [/afs/cern.ch/sw/lcg/contrib/gcc/6.3.0/x86_64-centos7/bin/../lib/gcc/x86_64-pc-linux-gnu/6.3.0]
    arg [-L/afs/cern.ch/sw/lcg/contrib/gcc/6.3.0/x86_64-centos7/bin/../lib/gcc] ==> dir [/afs/cern.ch/sw/lcg/contrib/gcc/6.3.0/x86_64-centos7/bin/../lib/gcc]
    arg [-L/afs/cern.ch/sw/lcg/contrib/gcc/6.3.0/x86_64-centos7/bin/../lib/gcc/x86_64-pc-linux-gnu/6.3.0/../../../../lib64] ==> dir [/afs/cern.ch/sw/lcg/contrib/gcc/6.3.0/x86_64-centos7/bin/../lib/gcc/x86_64-pc-linux-gnu/6.3.0/../../../../lib64]
    arg [-L/lib/../lib64] ==> dir [/lib/../lib64]
    arg [-L/usr/lib/../lib64] ==> dir [/usr/lib/../lib64]
    arg [-L/afs/cern.ch/sw/lcg/contrib/gcc/6.3.0/x86_64-centos7/bin/../lib/gcc/x86_64-pc-linux-gnu/6.3.0/../../..] ==> dir [/afs/cern.ch/sw/lcg/contrib/gcc/6.3.0/x86_64-centos7/bin/../lib/gcc/x86_64-pc-linux-gnu/6.3.0/../../..]
    arg [CMakeFiles/cmTC_e335d.dir/CMakeCXXCompilerABI.cpp.o] ==> ignore
    arg [-lstdc++] ==> lib [stdc++]
    arg [-lm] ==> lib [m]
    arg [-lgcc_s] ==> lib [gcc_s]
    arg [-lgcc] ==> lib [gcc]
    arg [-lc] ==> lib [c]
    arg [-lgcc_s] ==> lib [gcc_s]
    arg [-lgcc] ==> lib [gcc]
    arg [/afs/cern.ch/sw/lcg/contrib/gcc/6.3.0/x86_64-centos7/bin/../lib/gcc/x86_64-pc-linux-gnu/6.3.0/crtend.o] ==> ignore
    arg [/lib/../lib64/crtn.o] ==> ignore
  remove lib [gcc_s]
  remove lib [gcc]
  remove lib [gcc_s]
  remove lib [gcc]
  collapse library dir [/afs/cern.ch/sw/lcg/contrib/gcc/6.3.0/x86_64-centos7/bin/../lib/gcc/x86_64-pc-linux-gnu/6.3.0] ==> [/afs/cern.ch/sw/lcg/contrib/gcc/6.3.0/x86_64-centos7/lib/gcc/x86_64-pc-linux-gnu/6.3.0]
  collapse library dir [/afs/cern.ch/sw/lcg/contrib/gcc/6.3.0/x86_64-centos7/bin/../lib/gcc] ==> [/afs/cern.ch/sw/lcg/contrib/gcc/6.3.0/x86_64-centos7/lib/gcc]
  collapse library dir [/afs/cern.ch/sw/lcg/contrib/gcc/6.3.0/x86_64-centos7/bin/../lib/gcc/x86_64-pc-linux-gnu/6.3.0/../../../../lib64] ==> [/afs/cern.ch/sw/lcg/contrib/gcc/6.3.0/x86_64-centos7/lib64]
  collapse library dir [/lib/../lib64] ==> [/lib64]
  collapse library dir [/usr/lib/../lib64] ==> [/usr/lib64]
  collapse library dir [/afs/cern.ch/sw/lcg/contrib/gcc/6.3.0/x86_64-centos7/bin/../lib/gcc/x86_64-pc-linux-gnu/6.3.0/../../..] ==> [/afs/cern.ch/sw/lcg/contrib/gcc/6.3.0/x86_64-centos7/lib]
  implicit libs: [stdc++;m;c]
  implicit dirs: [/afs/cern.ch/sw/lcg/contrib/gcc/6.3.0/x86_64-centos7/lib/gcc/x86_64-pc-linux-gnu/6.3.0;/afs/cern.ch/sw/lcg/contrib/gcc/6.3.0/x86_64-centos7/lib/gcc;/afs/cern.ch/sw/lcg/contrib/gcc/6.3.0/x86_64-centos7/lib64;/lib64;/usr/lib64;/afs/cern.ch/sw/lcg/contrib/gcc/6.3.0/x86_64-centos7/lib]
  implicit fwks: []




Detecting CXX [-std=c++1z] compiler features compiled with the following output:
Change Dir: /home/skostog/cernbox/NAFF_May_2017/NAFF/build/CMakeFiles/CMakeTmp

Run Build Command:"/usr/bin/gmake" "cmTC_d42fd/fast"
/usr/bin/gmake -f CMakeFiles/cmTC_d42fd.dir/build.make CMakeFiles/cmTC_d42fd.dir/build
gmake[1]: Entering directory `/home/skostog/cernbox/NAFF_May_2017/NAFF/build/CMakeFiles/CMakeTmp'
Building CXX object CMakeFiles/cmTC_d42fd.dir/feature_tests.cxx.o
/afs/cern.ch/sw/lcg/contrib/gcc/6.3.0/x86_64-centos7/bin/g++    -std=c++1z -o CMakeFiles/cmTC_d42fd.dir/feature_tests.cxx.o -c /home/skostog/cernbox/NAFF_May_2017/NAFF/build/CMakeFiles/feature_tests.cxx
Linking CXX executable cmTC_d42fd
/usr/local/bin/cmake -E cmake_link_script CMakeFiles/cmTC_d42fd.dir/link.txt --verbose=1
/afs/cern.ch/sw/lcg/contrib/gcc/6.3.0/x86_64-centos7/bin/g++       CMakeFiles/cmTC_d42fd.dir/feature_tests.cxx.o  -o cmTC_d42fd 
gmake[1]: Leaving directory `/home/skostog/cernbox/NAFF_May_2017/NAFF/build/CMakeFiles/CMakeTmp'


    Feature record: CXX_FEATURE:1cxx_aggregate_default_initializers
    Feature record: CXX_FEATURE:1cxx_alias_templates
    Feature record: CXX_FEATURE:1cxx_alignas
    Feature record: CXX_FEATURE:1cxx_alignof
    Feature record: CXX_FEATURE:1cxx_attributes
    Feature record: CXX_FEATURE:1cxx_attribute_deprecated
    Feature record: CXX_FEATURE:1cxx_auto_type
    Feature record: CXX_FEATURE:1cxx_binary_literals
    Feature record: CXX_FEATURE:1cxx_constexpr
    Feature record: CXX_FEATURE:1cxx_contextual_conversions
    Feature record: CXX_FEATURE:1cxx_decltype
    Feature record: CXX_FEATURE:1cxx_decltype_auto
    Feature record: CXX_FEATURE:1cxx_decltype_incomplete_return_types
    Feature record: CXX_FEATURE:1cxx_default_function_template_args
    Feature record: CXX_FEATURE:1cxx_defaulted_functions
    Feature record: CXX_FEATURE:1cxx_defaulted_move_initializers
    Feature record: CXX_FEATURE:1cxx_delegating_constructors
    Feature record: CXX_FEATURE:1cxx_deleted_functions
    Feature record: CXX_FEATURE:1cxx_digit_separators
    Feature record: CXX_FEATURE:1cxx_enum_forward_declarations
    Feature record: CXX_FEATURE:1cxx_explicit_conversions
    Feature record: CXX_FEATURE:1cxx_extended_friend_declarations
    Feature record: CXX_FEATURE:1cxx_extern_templates
    Feature record: CXX_FEATURE:1cxx_final
    Feature record: CXX_FEATURE:1cxx_func_identifier
    Feature record: CXX_FEATURE:1cxx_generalized_initializers
    Feature record: CXX_FEATURE:1cxx_generic_lambdas
    Feature record: CXX_FEATURE:1cxx_inheriting_constructors
    Feature record: CXX_FEATURE:1cxx_inline_namespaces
    Feature record: CXX_FEATURE:1cxx_lambdas
    Feature record: CXX_FEATURE:1cxx_lambda_init_captures
    Feature record: CXX_FEATURE:1cxx_local_type_template_args
    Feature record: CXX_FEATURE:1cxx_long_long_type
    Feature record: CXX_FEATURE:1cxx_noexcept
    Feature record: CXX_FEATURE:1cxx_nonstatic_member_init
    Feature record: CXX_FEATURE:1cxx_nullptr
    Feature record: CXX_FEATURE:1cxx_override
    Feature record: CXX_FEATURE:1cxx_range_for
    Feature record: CXX_FEATURE:1cxx_raw_string_literals
    Feature record: CXX_FEATURE:1cxx_reference_qualified_functions
    Feature record: CXX_FEATURE:1cxx_relaxed_constexpr
    Feature record: CXX_FEATURE:1cxx_return_type_deduction
    Feature record: CXX_FEATURE:1cxx_right_angle_brackets
    Feature record: CXX_FEATURE:1cxx_rvalue_references
    Feature record: CXX_FEATURE:1cxx_sizeof_member
    Feature record: CXX_FEATURE:1cxx_static_assert
    Feature record: CXX_FEATURE:1cxx_strong_enums
    Feature record: CXX_FEATURE:1cxx_template_template_parameters
    Feature record: CXX_FEATURE:1cxx_thread_local
    Feature record: CXX_FEATURE:1cxx_trailing_return_types
    Feature record: CXX_FEATURE:1cxx_unicode_literals
    Feature record: CXX_FEATURE:1cxx_uniform_initialization
    Feature record: CXX_FEATURE:1cxx_unrestricted_unions
    Feature record: CXX_FEATURE:1cxx_user_literals
    Feature record: CXX_FEATURE:1cxx_variable_templates
    Feature record: CXX_FEATURE:1cxx_variadic_macros
    Feature record: CXX_FEATURE:1cxx_variadic_templates


Detecting CXX [-std=c++14] compiler features compiled with the following output:
Change Dir: /home/skostog/cernbox/NAFF_May_2017/NAFF/build/CMakeFiles/CMakeTmp

Run Build Command:"/usr/bin/gmake" "cmTC_79d2c/fast"
/usr/bin/gmake -f CMakeFiles/cmTC_79d2c.dir/build.make CMakeFiles/cmTC_79d2c.dir/build
gmake[1]: Entering directory `/home/skostog/cernbox/NAFF_May_2017/NAFF/build/CMakeFiles/CMakeTmp'
Building CXX object CMakeFiles/cmTC_79d2c.dir/feature_tests.cxx.o
/afs/cern.ch/sw/lcg/contrib/gcc/6.3.0/x86_64-centos7/bin/g++    -std=c++14 -o CMakeFiles/cmTC_79d2c.dir/feature_tests.cxx.o -c /home/skostog/cernbox/NAFF_May_2017/NAFF/build/CMakeFiles/feature_tests.cxx
Linking CXX executable cmTC_79d2c
/usr/local/bin/cmake -E cmake_link_script CMakeFiles/cmTC_79d2c.dir/link.txt --verbose=1
/afs/cern.ch/sw/lcg/contrib/gcc/6.3.0/x86_64-centos7/bin/g++       CMakeFiles/cmTC_79d2c.dir/feature_tests.cxx.o  -o cmTC_79d2c 
gmake[1]: Leaving directory `/home/skostog/cernbox/NAFF_May_2017/NAFF/build/CMakeFiles/CMakeTmp'


    Feature record: CXX_FEATURE:1cxx_aggregate_default_initializers
    Feature record: CXX_FEATURE:1cxx_alias_templates
    Feature record: CXX_FEATURE:1cxx_alignas
    Feature record: CXX_FEATURE:1cxx_alignof
    Feature record: CXX_FEATURE:1cxx_attributes
    Feature record: CXX_FEATURE:1cxx_attribute_deprecated
    Feature record: CXX_FEATURE:1cxx_auto_type
    Feature record: CXX_FEATURE:1cxx_binary_literals
    Feature record: CXX_FEATURE:1cxx_constexpr
    Feature record: CXX_FEATURE:1cxx_contextual_conversions
    Feature record: CXX_FEATURE:1cxx_decltype
    Feature record: CXX_FEATURE:1cxx_decltype_auto
    Feature record: CXX_FEATURE:1cxx_decltype_incomplete_return_types
    Feature record: CXX_FEATURE:1cxx_default_function_template_args
    Feature record: CXX_FEATURE:1cxx_defaulted_functions
    Feature record: CXX_FEATURE:1cxx_defaulted_move_initializers
    Feature record: CXX_FEATURE:1cxx_delegating_constructors
    Feature record: CXX_FEATURE:1cxx_deleted_functions
    Feature record: CXX_FEATURE:1cxx_digit_separators
    Feature record: CXX_FEATURE:1cxx_enum_forward_declarations
    Feature record: CXX_FEATURE:1cxx_explicit_conversions
    Feature record: CXX_FEATURE:1cxx_extended_friend_declarations
    Feature record: CXX_FEATURE:1cxx_extern_templates
    Feature record: CXX_FEATURE:1cxx_final
    Feature record: CXX_FEATURE:1cxx_func_identifier
    Feature record: CXX_FEATURE:1cxx_generalized_initializers
    Feature record: CXX_FEATURE:1cxx_generic_lambdas
    Feature record: CXX_FEATURE:1cxx_inheriting_constructors
    Feature record: CXX_FEATURE:1cxx_inline_namespaces
    Feature record: CXX_FEATURE:1cxx_lambdas
    Feature record: CXX_FEATURE:1cxx_lambda_init_captures
    Feature record: CXX_FEATURE:1cxx_local_type_template_args
    Feature record: CXX_FEATURE:1cxx_long_long_type
    Feature record: CXX_FEATURE:1cxx_noexcept
    Feature record: CXX_FEATURE:1cxx_nonstatic_member_init
    Feature record: CXX_FEATURE:1cxx_nullptr
    Feature record: CXX_FEATURE:1cxx_override
    Feature record: CXX_FEATURE:1cxx_range_for
    Feature record: CXX_FEATURE:1cxx_raw_string_literals
    Feature record: CXX_FEATURE:1cxx_reference_qualified_functions
    Feature record: CXX_FEATURE:1cxx_relaxed_constexpr
    Feature record: CXX_FEATURE:1cxx_return_type_deduction
    Feature record: CXX_FEATURE:1cxx_right_angle_brackets
    Feature record: CXX_FEATURE:1cxx_rvalue_references
    Feature record: CXX_FEATURE:1cxx_sizeof_member
    Feature record: CXX_FEATURE:1cxx_static_assert
    Feature record: CXX_FEATURE:1cxx_strong_enums
    Feature record: CXX_FEATURE:1cxx_template_template_parameters
    Feature record: CXX_FEATURE:1cxx_thread_local
    Feature record: CXX_FEATURE:1cxx_trailing_return_types
    Feature record: CXX_FEATURE:1cxx_unicode_literals
    Feature record: CXX_FEATURE:1cxx_uniform_initialization
    Feature record: CXX_FEATURE:1cxx_unrestricted_unions
    Feature record: CXX_FEATURE:1cxx_user_literals
    Feature record: CXX_FEATURE:1cxx_variable_templates
    Feature record: CXX_FEATURE:1cxx_variadic_macros
    Feature record: CXX_FEATURE:1cxx_variadic_templates


Detecting CXX [-std=c++11] compiler features compiled with the following output:
Change Dir: /home/skostog/cernbox/NAFF_May_2017/NAFF/build/CMakeFiles/CMakeTmp

Run Build Command:"/usr/bin/gmake" "cmTC_061a5/fast"
/usr/bin/gmake -f CMakeFiles/cmTC_061a5.dir/build.make CMakeFiles/cmTC_061a5.dir/build
gmake[1]: Entering directory `/home/skostog/cernbox/NAFF_May_2017/NAFF/build/CMakeFiles/CMakeTmp'
Building CXX object CMakeFiles/cmTC_061a5.dir/feature_tests.cxx.o
/afs/cern.ch/sw/lcg/contrib/gcc/6.3.0/x86_64-centos7/bin/g++    -std=c++11 -o CMakeFiles/cmTC_061a5.dir/feature_tests.cxx.o -c /home/skostog/cernbox/NAFF_May_2017/NAFF/build/CMakeFiles/feature_tests.cxx
Linking CXX executable cmTC_061a5
/usr/local/bin/cmake -E cmake_link_script CMakeFiles/cmTC_061a5.dir/link.txt --verbose=1
/afs/cern.ch/sw/lcg/contrib/gcc/6.3.0/x86_64-centos7/bin/g++       CMakeFiles/cmTC_061a5.dir/feature_tests.cxx.o  -o cmTC_061a5 
gmake[1]: Leaving directory `/home/skostog/cernbox/NAFF_May_2017/NAFF/build/CMakeFiles/CMakeTmp'


    Feature record: CXX_FEATURE:0cxx_aggregate_default_initializers
    Feature record: CXX_FEATURE:1cxx_alias_templates
    Feature record: CXX_FEATURE:1cxx_alignas
    Feature record: CXX_FEATURE:1cxx_alignof
    Feature record: CXX_FEATURE:1cxx_attributes
    Feature record: CXX_FEATURE:0cxx_attribute_deprecated
    Feature record: CXX_FEATURE:1cxx_auto_type
    Feature record: CXX_FEATURE:0cxx_binary_literals
    Feature record: CXX_FEATURE:1cxx_constexpr
    Feature record: CXX_FEATURE:0cxx_contextual_conversions
    Feature record: CXX_FEATURE:1cxx_decltype
    Feature record: CXX_FEATURE:0cxx_decltype_auto
    Feature record: CXX_FEATURE:1cxx_decltype_incomplete_return_types
    Feature record: CXX_FEATURE:1cxx_default_function_template_args
    Feature record: CXX_FEATURE:1cxx_defaulted_functions
    Feature record: CXX_FEATURE:1cxx_defaulted_move_initializers
    Feature record: CXX_FEATURE:1cxx_delegating_constructors
    Feature record: CXX_FEATURE:1cxx_deleted_functions
    Feature record: CXX_FEATURE:0cxx_digit_separators
    Feature record: CXX_FEATURE:1cxx_enum_forward_declarations
    Feature record: CXX_FEATURE:1cxx_explicit_conversions
    Feature record: CXX_FEATURE:1cxx_extended_friend_declarations
    Feature record: CXX_FEATURE:1cxx_extern_templates
    Feature record: CXX_FEATURE:1cxx_final
    Feature record: CXX_FEATURE:1cxx_func_identifier
    Feature record: CXX_FEATURE:1cxx_generalized_initializers
    Feature record: CXX_FEATURE:0cxx_generic_lambdas
    Feature record: CXX_FEATURE:1cxx_inheriting_constructors
    Feature record: CXX_FEATURE:1cxx_inline_namespaces
    Feature record: CXX_FEATURE:1cxx_lambdas
    Feature record: CXX_FEATURE:0cxx_lambda_init_captures
    Feature record: CXX_FEATURE:1cxx_local_type_template_args
    Feature record: CXX_FEATURE:1cxx_long_long_type
    Feature record: CXX_FEATURE:1cxx_noexcept
    Feature record: CXX_FEATURE:1cxx_nonstatic_member_init
    Feature record: CXX_FEATURE:1cxx_nullptr
    Feature record: CXX_FEATURE:1cxx_override
    Feature record: CXX_FEATURE:1cxx_range_for
    Feature record: CXX_FEATURE:1cxx_raw_string_literals
    Feature record: CXX_FEATURE:1cxx_reference_qualified_functions
    Feature record: CXX_FEATURE:0cxx_relaxed_constexpr
    Feature record: CXX_FEATURE:0cxx_return_type_deduction
    Feature record: CXX_FEATURE:1cxx_right_angle_brackets
    Feature record: CXX_FEATURE:1cxx_rvalue_references
    Feature record: CXX_FEATURE:1cxx_sizeof_member
    Feature record: CXX_FEATURE:1cxx_static_assert
    Feature record: CXX_FEATURE:1cxx_strong_enums
    Feature record: CXX_FEATURE:1cxx_template_template_parameters
    Feature record: CXX_FEATURE:1cxx_thread_local
    Feature record: CXX_FEATURE:1cxx_trailing_return_types
    Feature record: CXX_FEATURE:1cxx_unicode_literals
    Feature record: CXX_FEATURE:1cxx_uniform_initialization
    Feature record: CXX_FEATURE:1cxx_unrestricted_unions
    Feature record: CXX_FEATURE:1cxx_user_literals
    Feature record: CXX_FEATURE:0cxx_variable_templates
    Feature record: CXX_FEATURE:1cxx_variadic_macros
    Feature record: CXX_FEATURE:1cxx_variadic_templates


Detecting CXX [-std=c++98] compiler features compiled with the following output:
Change Dir: /home/skostog/cernbox/NAFF_May_2017/NAFF/build/CMakeFiles/CMakeTmp

Run Build Command:"/usr/bin/gmake" "cmTC_09a79/fast"
/usr/bin/gmake -f CMakeFiles/cmTC_09a79.dir/build.make CMakeFiles/cmTC_09a79.dir/build
gmake[1]: Entering directory `/home/skostog/cernbox/NAFF_May_2017/NAFF/build/CMakeFiles/CMakeTmp'
Building CXX object CMakeFiles/cmTC_09a79.dir/feature_tests.cxx.o
/afs/cern.ch/sw/lcg/contrib/gcc/6.3.0/x86_64-centos7/bin/g++    -std=c++98 -o CMakeFiles/cmTC_09a79.dir/feature_tests.cxx.o -c /home/skostog/cernbox/NAFF_May_2017/NAFF/build/CMakeFiles/feature_tests.cxx
Linking CXX executable cmTC_09a79
/usr/local/bin/cmake -E cmake_link_script CMakeFiles/cmTC_09a79.dir/link.txt --verbose=1
/afs/cern.ch/sw/lcg/contrib/gcc/6.3.0/x86_64-centos7/bin/g++       CMakeFiles/cmTC_09a79.dir/feature_tests.cxx.o  -o cmTC_09a79 
gmake[1]: Leaving directory `/home/skostog/cernbox/NAFF_May_2017/NAFF/build/CMakeFiles/CMakeTmp'


    Feature record: CXX_FEATURE:0cxx_aggregate_default_initializers
    Feature record: CXX_FEATURE:0cxx_alias_templates
    Feature record: CXX_FEATURE:0cxx_alignas
    Feature record: CXX_FEATURE:0cxx_alignof
    Feature record: CXX_FEATURE:0cxx_attributes
    Feature record: CXX_FEATURE:0cxx_attribute_deprecated
    Feature record: CXX_FEATURE:0cxx_auto_type
    Feature record: CXX_FEATURE:0cxx_binary_literals
    Feature record: CXX_FEATURE:0cxx_constexpr
    Feature record: CXX_FEATURE:0cxx_contextual_conversions
    Feature record: CXX_FEATURE:0cxx_decltype
    Feature record: CXX_FEATURE:0cxx_decltype_auto
    Feature record: CXX_FEATURE:0cxx_decltype_incomplete_return_types
    Feature record: CXX_FEATURE:0cxx_default_function_template_args
    Feature record: CXX_FEATURE:0cxx_defaulted_functions
    Feature record: CXX_FEATURE:0cxx_defaulted_move_initializers
    Feature record: CXX_FEATURE:0cxx_delegating_constructors
    Feature record: CXX_FEATURE:0cxx_deleted_functions
    Feature record: CXX_FEATURE:0cxx_digit_separators
    Feature record: CXX_FEATURE:0cxx_enum_forward_declarations
    Feature record: CXX_FEATURE:0cxx_explicit_conversions
    Feature record: CXX_FEATURE:0cxx_extended_friend_declarations
    Feature record: CXX_FEATURE:0cxx_extern_templates
    Feature record: CXX_FEATURE:0cxx_final
    Feature record: CXX_FEATURE:0cxx_func_identifier
    Feature record: CXX_FEATURE:0cxx_generalized_initializers
    Feature record: CXX_FEATURE:0cxx_generic_lambdas
    Feature record: CXX_FEATURE:0cxx_inheriting_constructors
    Feature record: CXX_FEATURE:0cxx_inline_namespaces
    Feature record: CXX_FEATURE:0cxx_lambdas
    Feature record: CXX_FEATURE:0cxx_lambda_init_captures
    Feature record: CXX_FEATURE:0cxx_local_type_template_args
    Feature record: CXX_FEATURE:0cxx_long_long_type
    Feature record: CXX_FEATURE:0cxx_noexcept
    Feature record: CXX_FEATURE:0cxx_nonstatic_member_init
    Feature record: CXX_FEATURE:0cxx_nullptr
    Feature record: CXX_FEATURE:0cxx_override
    Feature record: CXX_FEATURE:0cxx_range_for
    Feature record: CXX_FEATURE:0cxx_raw_string_literals
    Feature record: CXX_FEATURE:0cxx_reference_qualified_functions
    Feature record: CXX_FEATURE:0cxx_relaxed_constexpr
    Feature record: CXX_FEATURE:0cxx_return_type_deduction
    Feature record: CXX_FEATURE:0cxx_right_angle_brackets
    Feature record: CXX_FEATURE:0cxx_rvalue_references
    Feature record: CXX_FEATURE:0cxx_sizeof_member
    Feature record: CXX_FEATURE:0cxx_static_assert
    Feature record: CXX_FEATURE:0cxx_strong_enums
    Feature record: CXX_FEATURE:1cxx_template_template_parameters
    Feature record: CXX_FEATURE:0cxx_thread_local
    Feature record: CXX_FEATURE:0cxx_trailing_return_types
    Feature record: CXX_FEATURE:0cxx_unicode_literals
    Feature record: CXX_FEATURE:0cxx_uniform_initialization
    Feature record: CXX_FEATURE:0cxx_unrestricted_unions
    Feature record: CXX_FEATURE:0cxx_user_literals
    Feature record: CXX_FEATURE:0cxx_variable_templates
    Feature record: CXX_FEATURE:0cxx_variadic_macros
    Feature record: CXX_FEATURE:0cxx_variadic_templates
